
1 A: Hi! Willkommen am Oesterreichischen Open Data Portal!
There are 2002 datasets.
You can explore them by license:

cc-by-at-30
cc-by
other-pd

U: cc-by-at-30

1 A: There are 1852 datasets.
You can explore them by organization:

stadt-linz
stadt-wien
land-oberoesterreich

U: Continue

2 A: There are 1852 datasets.
You can explore them by tags:

linz
haushalt
außerordentlicher

U: Continue

3 A: There are 1852 datasets.
You can explore them by tags:

ordentlicher
ViennaGIS
finanzen

U: Continue

4 A: There are 1852 datasets.
You can explore them by categorization:

finanzen-und-rechnungswesen
{umwelt}
{bevoelkerung}

U: Continue

5 A: There are 1852 datasets.
You can explore them by tags:

stadt
nachweise
rechnungsabschlussverordnung

U: Continue

6 A: There are 1852 datasets.
You can explore them by tags:

vorbericht
vrv
rechnungsabschluss

U: Continue

7 A: There are 1852 datasets.
You can explore them by organization:

land-salzburg
stadt-innsbruck
stadt-graz

U: Continue

8 A: There are 1852 datasets.
You can explore them by tags:

anmerkungen
durchlaufende
gebarung

U: Continue

9 A: There are 1852 datasets.
You can explore them by tags:

kassenrechnung
ra
Bevölkerung

U: Continue

10 A: There are 1852 datasets.
You can explore them by categorization:

{geographie-und-planung}
{verkehr-und-technik}
{verwaltung-und-politik}

U: {verkehr-und-technik}

11 A: There are 186 datasets.
You can explore them by tags:

Verkehr
Verkehrswesen
verkehr

U: Continue

12 A: There are 186 datasets.
You can explore them by tags:

GIP
Verkehrsnetze
Öffentlicher Verkehr

U: Continue

13 A: There are 186 datasets.
You can explore them by organization:

land-vorarlberg
land-steiermark
gemeinde-engerwitzdorf

U: Continue

14 A: There are 186 datasets.
You can explore them by tags:

Parken
bus
Fahrgäste

U: Continue

15 A: There are 186 datasets.
You can explore them by tags:

Landesstraßen
Straße
bim

U: Continue

16 A: There are 186 datasets.
You can explore them by tags:

geo
geodaten
mobilitaet

U: Continue

17 A: There are 186 datasets.
You can explore them by tags:

oepnv
öpnv
Autobahn

U: Continue

18 A: There are 186 datasets.
You can explore them by tags:

Energie
Verkehrsinfrastruktur
Verkehrsweg

U: Continue

19 A: There are 186 datasets.
You can explore them by tags:

Versorgungswirtschaft und staatliche Dienste
Fließgewässer
Kosten

U: Continue

20 A: There are 186 datasets.
You can explore them by tags:

Straßenverkehr
Umweltüberwachung
Unfälle

U: Continue

21 A: There are 186 datasets.
You can explore them by tags:

strassenbahn
Autobus
Eisenbahn

U: Continue

22 A: There are 186 datasets.
You can explore them by tags:

Endenergie
Endenergieverbrauch
Förderungen

U: Continue

23 A: There are 186 datasets.
You can explore them by tags:

Grundwasser
Infrastruktur
Kfz

U: Continue

24 A: There are 186 datasets.
You can explore them by tags:

Messstellennetz
Name
Niederschlag

U: Continue

25 A: There are 186 datasets.
You can explore them by tags:

Sammeltaxi
Straßenbahn
Straßennetz

U: Continue

26 A: There are 186 datasets.
You can explore them by tags:

U-Bahn
Verkehrsberuhigungsmaßnahmen
Verkehrsplanung

U: Continue

27 A: There are 186 datasets.
You can explore them by tags:

Wasserüberwacung
nahverkehr
transport

U: Continue

28 A: There are 186 datasets.
You can explore them by tags:

verkehrsberuhigte Bereiche
öffentlicher
Auto

U: Continue

29 A: There are 186 datasets.
You can explore them by organization:

stadt-salzburg
land-burgenland
land-tirol

U: land-tirol

30 A: 
title: Landesstraßen Tirol
tags: asfinag
tags: autobahn
tags: landesstrassen
tags: schnellstrassen
tags: strassen<br>
title: Straßen- und Wegenetz Tirols
tags: Bahn
tags: Bundesstraßen
tags: Gemeindestraßen
tags: Schnellstraßen
tags: Straßen
tags: Wege
tags: ÖBB<br>
title: Bahnlinien Tirol
tags: bahn
tags: obb

U: Thank you!

Cognitive resource: 3
Number of turns per dialog 31

1 A: Hi! Willkommen am Oesterreichischen Open Data Portal!
There are 2002 datasets.
You can explore them by license:

cc-by-at-30
cc-by
other-pd
cc-by-sa

U: cc-by-at-30

1 A: There are 1852 datasets.
You can explore them by organization:

stadt-linz
stadt-wien
land-oberoesterreich
land-salzburg

U: Continue

2 A: There are 1852 datasets.
You can explore them by tags:

linz
haushalt
außerordentlicher
ordentlicher

U: Continue

3 A: There are 1852 datasets.
You can explore them by tags:

ViennaGIS
finanzen
stadt
nachweise

U: Continue

4 A: There are 1852 datasets.
You can explore them by tags:

rechnungsabschlussverordnung
vorbericht
vrv
rechnungsabschluss

U: Continue

5 A: There are 1852 datasets.
You can explore them by categorization:

finanzen-und-rechnungswesen
{umwelt}
{bevoelkerung}
{geographie-und-planung}

U: Continue

6 A: There are 1852 datasets.
You can explore them by tags:

anmerkungen
durchlaufende
gebarung
kassenrechnung

U: Continue

7 A: There are 1852 datasets.
You can explore them by organization:

stadt-innsbruck
stadt-graz
land-tirol
land-steiermark

U: land-tirol

8 A: There are 105 datasets.
You can explore them by tags:

Tirol
Geodaten
osterreich
tirol

U: Continue

9 A: There are 105 datasets.
You can explore them by categorization:

{sport-und-freizeit}
{land-und-forstwirtschaft}
{verwaltung-und-politik}
{bildung-und-forschung}

U: Continue

10 A: There are 105 datasets.
You can explore them by tags:

Wasserwirtschaft
Bach
Bevölkerung
Fließgewässer

U: Continue

11 A: There are 105 datasets.
You can explore them by tags:

Fluss
Gewässerzustand
NGP
Oberflächengewässer

U: Continue

12 A: There are 105 datasets.
You can explore them by tags:

condition
water body
Demographie
austria

U: Continue

13 A: There are 105 datasets.
You can explore them by tags:

inspire
sport
tyrol
Wahlen

U: Continue

14 A: There are 105 datasets.
You can explore them by tags:

Wasser
Österreich
Arbeitsstätten
Schule

U: Continue

15 A: There are 105 datasets.
You can explore them by categorization:

{arbeit}
{finanzen-und-rechnungswesen,verwaltung-und-politik}
{geographie-und-planung,sport-und-freizeit,umwelt,wirtschaft-und-tourismus}
{verkehr-und-technik}

U: {verkehr-und-technik}

16 A: 
title: Landesstraßen Tirol
tags: asfinag
tags: autobahn
tags: landesstrassen
tags: schnellstrassen
tags: strassen<br>
title: Straßen- und Wegenetz Tirols
tags: Autobahn
tags: Bahn
tags: Bundesstraßen
tags: Gemeindestraßen
tags: Landesstraßen
tags: Schnellstraßen
tags: Straßen
tags: Wege
tags: ÖBB<br>
title: Bahnlinien Tirol
tags: bahn
tags: obb

U: Thank you!

Cognitive resource: 4
Number of turns per dialog 17

1 A: Hi! Willkommen am Oesterreichischen Open Data Portal!
There are 2002 datasets.
You can explore them by license:

cc-by-at-30
cc-by
other-pd
cc-by-sa

U: cc-by-at-30

1 A: There are 1852 datasets.
You can explore them by organization:

stadt-linz
stadt-wien
land-oberoesterreich
land-salzburg
stadt-innsbruck

U: Continue

2 A: There are 1852 datasets.
You can explore them by tags:

linz
haushalt
außerordentlicher
ordentlicher
ViennaGIS

U: Continue

3 A: There are 1852 datasets.
You can explore them by tags:

finanzen
stadt
nachweise
rechnungsabschlussverordnung
vorbericht

U: Continue

4 A: There are 1852 datasets.
You can explore them by categorization:

finanzen-und-rechnungswesen
{umwelt}
{bevoelkerung}
{geographie-und-planung}
{verkehr-und-technik}

U: {verkehr-und-technik}

5 A: There are 186 datasets.
You can explore them by tags:

Verkehr
Verkehrswesen
verkehr
GIP
Verkehrsnetze

U: Continue

6 A: There are 186 datasets.
You can explore them by tags:

Öffentlicher Verkehr
Parken
bus
Fahrgäste
Landesstraßen

U: Continue

7 A: There are 186 datasets.
You can explore them by organization:

land-vorarlberg
land-steiermark
gemeinde-engerwitzdorf
stadt-salzburg
land-burgenland

U: Continue

8 A: There are 186 datasets.
You can explore them by tags:

Straße
bim
geo
geodaten
mobilitaet

U: Continue

9 A: There are 186 datasets.
You can explore them by tags:

oepnv
öpnv
Autobahn
Energie
Verkehrsinfrastruktur

U: Continue

10 A: There are 186 datasets.
You can explore them by tags:

Verkehrsweg
Versorgungswirtschaft und staatliche Dienste
Fließgewässer
Kosten
Straßenverkehr

U: Continue

11 A: There are 186 datasets.
You can explore them by tags:

Umweltüberwachung
Unfälle
strassenbahn
Autobus
Eisenbahn

U: Continue

12 A: There are 186 datasets.
You can explore them by tags:

Endenergie
Endenergieverbrauch
Förderungen
Grundwasser
Infrastruktur

U: Continue

13 A: There are 186 datasets.
You can explore them by tags:

Kfz
Messstellennetz
Name
Niederschlag
Sammeltaxi

U: Continue

14 A: There are 186 datasets.
You can explore them by tags:

Straßenbahn
Straßennetz
U-Bahn
Verkehrsberuhigungsmaßnahmen
Verkehrsplanung

U: Continue

15 A: There are 186 datasets.
You can explore them by tags:

Wasserüberwacung
nahverkehr
transport
verkehrsberuhigte Bereiche
öffentlicher

U: Continue

16 A: There are 186 datasets.
You can explore them by tags:

Auto
Barrierefreiheit
Burgenland
Dauerzählstellen
Einbahn

U: Continue

17 A: There are 186 datasets.
You can explore them by tags:

Energieträger
Fahrzeuge
Hauptstraße B
Höhe
Parkraumbewirtschaftung

U: Continue

18 A: There are 186 datasets.
You can explore them by tags:

Richtungsfahrbahn
Schnellstraße
Straßenname
Straßenverkehrszählung
Transport

U: Continue

19 A: There are 186 datasets.
You can explore them by tags:

Verkehrsführung
Verkehrsmenge
Verkehrszählung
Zählstellen
linie

U: Continue

20 A: There are 186 datasets.
You can explore them by tags:

linien
mobilität
ÖV
öffentlicher Verkehr
Ampeln

U: Continue

21 A: There are 186 datasets.
You can explore them by tags:

Ampelstörung
Badner Bahn
Behinderung
Bundesstraße
DTV

U: Continue

22 A: There are 186 datasets.
You can explore them by tags:

Digitales Geländemodell
Erneuerbare Energie
Flurname
Fußgängerzonen
Gemeinde

U: Continue

23 A: There are 186 datasets.
You can explore them by tags:

Gemeindestraße
Geoname
Geschwindigkeitsbeschränkungen
Gesundheit und Sicherheit
Haltestelle

U: Continue

24 A: There are 186 datasets.
You can explore them by tags:

Hauptstraße A
JDTV
Klimatisierung
Kurzparkzonen
LKW

U: Continue

25 A: There are 186 datasets.
You can explore them by tags:

Landesstraße
Linien
Lärm
MPV
Netz

U: Continue

26 A: There are 186 datasets.
You can explore them by tags:

Parkgaragen
Parkpickerl
Parkplatz
Parkscheinautomat
Pkw

U: Continue

27 A: There are 186 datasets.
You can explore them by tags:

RBW
Radfahren
Radweg
Radwege
Raumheizung

U: Continue

28 A: There are 186 datasets.
You can explore them by tags:

Regionalbus
Schnellbahn
Sektoren
Standorte Dauerzählstellen
Strassenbahn

U: Continue

29 A: There are 186 datasets.
You can explore them by tags:

Straßenachsen
Themenradweg
Tourismus
Umgebungslärmkarte
Umleitung

U: Continue

30 A: There are 186 datasets.
You can explore them by tags:

Umweltverschmutzung
Unterführungen
Vekehrsleitzentrale
Verkehrslichtsignalanlagen
Verkehrszählstellen

U: Continue

31 A: There are 186 datasets.
You can explore them by tags:

Warmwasser
Wiener Linien
aktuelle baustellen
auto
barrierefrei

U: Continue

32 A: There are 186 datasets.
You can explore them by tags:

baustelle
baustellen
baustellen in wien
baustellenkoordinierung
baustellensaison

U: Continue

33 A: There are 186 datasets.
You can explore them by tags:

baustellenvorankündigung
flug
flughafen
haltestellen
lineare Geschwindigkeitsbeschränkungen

U: Continue

34 A: There are 186 datasets.
You can explore them by tags:

lkw
pkw
sommerbaustellen
stau
straßenbahn

U: Continue

35 A: There are 186 datasets.
You can explore them by tags:

umleitung
umleitungen
umleitungsstrecke
verkehrswirksame baustellen
wiener baustelleninformationssystem

U: Continue

36 A: There are 186 datasets.
You can explore them by tags:

zukünftige baustellen
Abfahrzeiten
Abstellmöglichkeit
Abwasserbehandlung
Abwasserbehandlungsanlage

U: Continue

37 A: There are 186 datasets.
You can explore them by tags:

Adressen
Amtsgebäude
Anlegestelle
Anrainerabstellplätze
Anrainerparkplätze

U: Continue

38 A: There are 186 datasets.
You can explore them by tags:

Aufzug
Ausbau
Autobahnen
Bahn
Barrierefrei

U: Continue

39 A: There are 186 datasets.
You can explore them by tags:

Baubezirksleitung
Baustelle
Baustellen
Baustellenführer
Bauwerke

U: Continue

40 A: There are 186 datasets.
You can explore them by tags:

Begegnungszone
Begegnungszonen
Behindertenzone
Belagsart
Beläge

U: Continue

41 A: There are 186 datasets.
You can explore them by tags:

Berechtigungszone
Beschränkungen
Best Practice Innovativ Gebäudesanierung  Energieeffizient Ausbildung Stadterschließung
Bewirtschaftungsgebiete
Bezirk

U: Continue

42 A: There are 186 datasets.
You can explore them by tags:

Bild
Blindenakustik
Borsteine
Bruttoendenergie
Bruttoinlandsverbrauch

U: Continue

43 A: There are 186 datasets.
You can explore them by tags:

Brücken
Bundesstraßen
Bus
Bus Drivers Guide
Busabstellplatz

U: Continue

44 A: There are 186 datasets.
You can explore them by tags:

Busabstellplätze
Busparkplatz
Busparkplätze
Busse
Busspur

U: Continue

45 A: There are 186 datasets.
You can explore them by tags:

Carsharing
Dauerleistung
Einbahnen
Eisenbahnnetz
Elektroantrieb

U: Continue

46 A: There are 186 datasets.
You can explore them by tags:

Elektroauto
Energie Bruttoinlandsverbrauch Energieträger
Energie Endenergie Endenergieverbrauch Energieträger
Energie Endenergie Endenergieverbrauch Sektoren
Energie Energieaufbringung Energieträger

U: Continue

47 A: There are 186 datasets.
You can explore them by tags:

Energie Erneuerbare Energie Erneuerbare Stromproduktion Energieträger
Energie Erneuerbare Energie Erneuerbare Wärme Energieträger
Energie Photovoltaik Photovoltaik-Anlagen Erneuerbare Stromproduktion
Energie Solarthermie Solarthermie-Anlagen Erneuerbare Wärme
Energieindikatoren

U: Continue

48 A: There are 186 datasets.
You can explore them by tags:

Energiepreise
Erneuerbare Stromproduktion
Erneuerbare Wärme
Fahrbahn
Fahrlehrer

U: Continue

49 A: There are 186 datasets.
You can explore them by tags:

Fahrplan
Fahrpläne
Fahrrad
Fahrradbox
Fahrradgarage

U: Continue

50 A: There are 186 datasets.
You can explore them by tags:

Fahrschule
Fahrschulen
Fahrschullehrer
Freizeit
Fußgängerzone

U: Continue

51 A: There are 186 datasets.
You can explore them by tags:

Führerschein
Führerscheinuntersuchungen
GTFS
Galerie
Garage

U: Continue

52 A: There are 186 datasets.
You can explore them by tags:

Gehsteig
Gehsteigabsenkung
Geltungsbereich
Gemeindestraßen
Geothermie Erdwärme Bohrung Tiefenbohrung Wärmetausch

U: Continue

53 A: There are 186 datasets.
You can explore them by tags:

Geothermie Grundwasser Brunnen Wärmetausch
Geschwindigkeitsbeschränkung
Grafik
Graphik
Großanlagen Windkraft Wasserkraft Fernheizwerk Gasturbine Leistung Müllverbrennung

U: Continue

54 A: There are 186 datasets.
You can explore them by tags:

Halte- und Parkverbote ausgenommen Ladetätigkeit
Haltestellen
Handicap
Hausnummern
Hybridantrieb

U: Continue

55 A: There are 186 datasets.
You can explore them by tags:

Hybridauto
Höchstgeschwindigkeit
Icon
KFZ-Zulassungsstellen
KM

U: Continue

56 A: There are 186 datasets.
You can explore them by tags:

Kilometertafeln
Kommunikation
Koordinaten
Kurzparkstreifen
Kurzparkzone

U: Continue

57 A: There are 186 datasets.
You can explore them by tags:

Ladezone
Landwirtschaftliche Anlagen und Aquakulturanlagen
Lastkraftwagen
Liniennetz
Masterplan

U: Continue

58 A: There are 186 datasets.
You can explore them by tags:

Motorradparkplatz
Oberflächenbeschaffenheit
OpenDocument
Orientierungsnummern
Ortsangabe

U: Continue

59 A: There are 186 datasets.
You can explore them by tags:

PKW
PV Photovoltaik Sonnenenergie Kollektoren
Park and Ride
Parkautomat
Parkdauer

U: Continue

60 A: There are 186 datasets.
You can explore them by tags:

Parkgebühr
Parkschein
Parkzonen
Passage
Photovoltaik

U: Continue

61 A: There are 186 datasets.
You can explore them by tags:

Photovotalikanlgen
Planung
Primärenergie
Rad
Radabstellanlage

U: Continue

62 A: There are 186 datasets.
You can explore them by tags:

Radbox
Raddauerzählstellen
Radfahranlage
Radgarage
Radparkplatz

U: Continue

63 A: There are 186 datasets.
You can explore them by tags:

Radverkehr Barrierefreiheit Luftpumpen Servcie
Radverkehrszählung
Radverkehrszählungen
Rand-begrenzungen
Randbegrenzungen

U: Continue

64 A: There are 186 datasets.
You can explore them by tags:

Randsteine
Reisebus
Reisebusse
Rollstuhl
Rollstuhlfahrer

U: Continue

65 A: There are 186 datasets.
You can explore them by tags:

Sachverständige Ärtze
Schifffahrt
Schnellstrassen
Schnellstraßen
Schutzgebiete

U: Continue

66 A: There are 186 datasets.
You can explore them by tags:

Solar ST Solarthermie Sonne Pool
Solarthermie
Solatthermieanlagen
Spielstraße
Sport

U: Continue

67 A: There are 186 datasets.
You can explore them by tags:

Stellplätze
Strassen
Straßen
Straßenausrüstung
Straßenbahnplanung

U: Continue

68 A: There are 186 datasets.
You can explore them by tags:

Straßenbelag
Straßenbelagsflächen
Straßenfläche
Straßenoberfläche
Symbol

U: Continue

69 A: There are 186 datasets.
You can explore them by tags:

Symbolbild
T30-Zonen
TVMax
Taktiles Leitsystem
Tarife

U: Continue

70 A: There are 186 datasets.
You can explore them by tags:

Taxi
Taxistandorte
Taxistandplatz
Taxistandplätze
Tempo 30

U: Continue

71 A: There are 186 datasets.
You can explore them by tags:

Tempo 30-Beschränkung
Tempo 30-Zone
Tempo 30-Zonen
Ticketpreise
Tiefgaragen

U: Continue

72 A: There are 186 datasets.
You can explore them by tags:

Tonnage
Treibhausgase Emissionen
Tunnel
U-Bahn Linien
U-Bahnlinien

U: Continue

73 A: There are 186 datasets.
You can explore them by tags:

U-bahn
UBahn
Umsteigen
Verkaufsstelle
Verkehrsmittel

U: Continue

74 A: There are 186 datasets.
You can explore them by tags:

Verkehrszählungen
Verlängerung
Vermietung
Verschleißstelle
Versicherungen

U: Continue

75 A: There are 186 datasets.
You can explore them by tags:

Versorgung und Entsorgung
Wasserüberwachung
Weg
Wege
Wild

U: Continue

76 A: There are 186 datasets.
You can explore them by tags:

Wildwarner
Wind Windenergie Windgeschwindigkeit Eignung Windpotenzial Windenergiedichte Kleinwindkraftanlagen
Wohnstraße
Wohnstraßen
Zählwerte

U: Continue

77 A: There are 186 datasets.
You can explore them by tags:

ag
anhänger
asfinag
autobahn
bahn

U: bahn

78 A: There are 7 datasets.
You can explore them by title:

Bahnlinien Tirol
Straßen- und Wegenetz Tirols
U-Bahn Linien Planung Wien
U-Bahnnetz Bestand Wien
Wiener Linien: Statistik Betriebszweige - U-Bahn Wien

U: Bahnlinien Tirol

79 A: 
organization: land-tirol
tags: obb

U: Thank you!

Cognitive resource: 5
Number of turns per dialog 80

1 A: Hi! Willkommen am Oesterreichischen Open Data Portal!
There are 2002 datasets.
You can explore them by license:

cc-by-at-30
cc-by
other-pd
cc-by-sa

U: cc-by-at-30

1 A: There are 1852 datasets.
You can explore them by organization:

stadt-linz
stadt-wien
land-oberoesterreich
land-salzburg
stadt-innsbruck
stadt-graz

U: Continue

2 A: There are 1852 datasets.
You can explore them by tags:

linz
haushalt
außerordentlicher
ordentlicher
ViennaGIS
finanzen

U: Continue

3 A: There are 1852 datasets.
You can explore them by tags:

stadt
nachweise
rechnungsabschlussverordnung
vorbericht
vrv
rechnungsabschluss

U: Continue

4 A: There are 1852 datasets.
You can explore them by categorization:

finanzen-und-rechnungswesen
{umwelt}
{bevoelkerung}
{geographie-und-planung}
{verkehr-und-technik}
{verwaltung-und-politik}

U: {verkehr-und-technik}

5 A: There are 186 datasets.
You can explore them by tags:

Verkehr
Verkehrswesen
verkehr
GIP
Verkehrsnetze
Öffentlicher Verkehr

U: Continue

6 A: There are 186 datasets.
You can explore them by tags:

Parken
bus
Fahrgäste
Landesstraßen
Straße
bim

U: Continue

7 A: There are 186 datasets.
You can explore them by tags:

geo
geodaten
mobilitaet
oepnv
öpnv
Autobahn

U: Continue

8 A: There are 186 datasets.
You can explore them by organization:

land-vorarlberg
land-steiermark
gemeinde-engerwitzdorf
stadt-salzburg
land-burgenland
land-tirol

U: land-tirol

9 A: 
title: Landesstraßen Tirol
tags: asfinag
tags: autobahn
tags: landesstrassen
tags: schnellstrassen
tags: strassen<br>
title: Straßen- und Wegenetz Tirols
tags: Bahn
tags: Bundesstraßen
tags: Gemeindestraßen
tags: Schnellstraßen
tags: Straßen
tags: Wege
tags: ÖBB<br>
title: Bahnlinien Tirol
tags: bahn
tags: obb

U: Thank you!

Cognitive resource: 6
Number of turns per dialog 10

1 A: Hi! Willkommen am Oesterreichischen Open Data Portal!
There are 2002 datasets.
You can explore them by license:

cc-by-at-30
cc-by
other-pd
cc-by-sa

U: cc-by-at-30

1 A: There are 1852 datasets.
You can explore them by organization:

stadt-linz
stadt-wien
land-oberoesterreich
land-salzburg
stadt-innsbruck
stadt-graz
land-tirol

U: land-tirol

2 A: There are 105 datasets.
You can explore them by categorization:

{umwelt}
{sport-und-freizeit}
{geographie-und-planung}
{bevoelkerung}
{land-und-forstwirtschaft}
{verwaltung-und-politik}
{bildung-und-forschung}

U: Continue

3 A: There are 105 datasets.
You can explore them by tags:

Tirol
Geodaten
osterreich
tirol
Wasserwirtschaft
Bach
Bevölkerung

U: Continue

4 A: There are 105 datasets.
You can explore them by tags:

Fließgewässer
Fluss
Gewässerzustand
NGP
Oberflächengewässer
condition
water body

U: Continue

5 A: There are 105 datasets.
You can explore them by tags:

Demographie
austria
inspire
sport
tyrol
Wahlen
Wasser

U: Continue

6 A: There are 105 datasets.
You can explore them by tags:

Österreich
Arbeitsstätten
Schule
sportstatte
Beschäftigte
Biotope
Detailwasserkörper

U: Continue

7 A: There are 105 datasets.
You can explore them by tags:

Einwohner
Geschlecht
Pflanzen
Sport
Sportstätte
Umwelt
Zustand

U: Continue

8 A: There are 105 datasets.
You can explore them by tags:

becken
beschneiung
nationalpark-hohe-tauern-tirol
speicher
stausee
teiche
umwelt

U: Continue

9 A: There are 105 datasets.
You can explore them by categorization:

{arbeit}
{finanzen-und-rechnungswesen,verwaltung-und-politik}
{geographie-und-planung,sport-und-freizeit,umwelt,wirtschaft-und-tourismus}
{verkehr-und-technik}
{gesundheit}
{kunst-und-kultur}
{wirtschaft-und-tourismus}

U: {verkehr-und-technik}

10 A: 
title: Landesstraßen Tirol
tags: asfinag
tags: autobahn
tags: landesstrassen
tags: schnellstrassen
tags: strassen<br>
title: Straßen- und Wegenetz Tirols
tags: Autobahn
tags: Bahn
tags: Bundesstraßen
tags: Gemeindestraßen
tags: Landesstraßen
tags: Schnellstraßen
tags: Straßen
tags: Wege
tags: ÖBB<br>
title: Bahnlinien Tirol
tags: bahn
tags: obb

U: Thank you!

Cognitive resource: 7
Number of turns per dialog 11

1 A: Hi! Willkommen am Oesterreichischen Open Data Portal!
There are 2002 datasets.
You can explore them by license:

cc-by-at-30
cc-by
other-pd
cc-by-sa

U: cc-by-at-30

1 A: There are 1852 datasets.
You can explore them by organization:

stadt-linz
stadt-wien
land-oberoesterreich
land-salzburg
stadt-innsbruck
stadt-graz
land-tirol
land-steiermark

U: land-tirol

2 A: There are 105 datasets.
You can explore them by categorization:

{umwelt}
{sport-und-freizeit}
{geographie-und-planung}
{bevoelkerung}
{land-und-forstwirtschaft}
{verwaltung-und-politik}
{bildung-und-forschung}
{arbeit}

U: Continue

3 A: There are 105 datasets.
You can explore them by tags:

Tirol
Geodaten
osterreich
tirol
Wasserwirtschaft
Bach
Bevölkerung
Fließgewässer

U: Continue

4 A: There are 105 datasets.
You can explore them by tags:

Fluss
Gewässerzustand
NGP
Oberflächengewässer
condition
water body
Demographie
austria

U: Continue

5 A: There are 105 datasets.
You can explore them by tags:

inspire
sport
tyrol
Wahlen
Wasser
Österreich
Arbeitsstätten
Schule

U: Continue

6 A: There are 105 datasets.
You can explore them by tags:

sportstatte
Beschäftigte
Biotope
Detailwasserkörper
Einwohner
Geschlecht
Pflanzen
Sport

U: Continue

7 A: There are 105 datasets.
You can explore them by tags:

Sportstätte
Umwelt
Zustand
becken
beschneiung
nationalpark-hohe-tauern-tirol
speicher
stausee

U: Continue

8 A: There are 105 datasets.
You can explore them by tags:

teiche
umwelt
wasser
Adressen
Alter
Austria
Geburtsland
Gebäude

U: Continue

9 A: There are 105 datasets.
You can explore them by categorization:

{finanzen-und-rechnungswesen,verwaltung-und-politik}
{geographie-und-planung,sport-und-freizeit,umwelt,wirtschaft-und-tourismus}
{verkehr-und-technik}
{gesundheit}
{kunst-und-kultur}
{wirtschaft-und-tourismus}
{geographie-und-planung,umwelt,wirtschaft-und-tourismus}
{geographie-und-planung,umwelt}

U: {verkehr-und-technik}

10 A: 
title: Landesstraßen Tirol
tags: asfinag
tags: autobahn
tags: landesstrassen
tags: schnellstrassen
tags: strassen<br>
title: Straßen- und Wegenetz Tirols
tags: Autobahn
tags: Bahn
tags: Bundesstraßen
tags: Gemeindestraßen
tags: Landesstraßen
tags: Schnellstraßen
tags: Straßen
tags: Wege
tags: ÖBB<br>
title: Bahnlinien Tirol
tags: bahn
tags: obb

U: Thank you!

Cognitive resource: 8
Number of turns per dialog 11
